<?xml version="1.0" encoding="UTF-8"?>
<testng-results ignored="0" total="1" passed="1" failed="0" skipped="0">
  <reporter-output>
  </reporter-output>
  <suite started-at="2023-07-21T21:24:00 IST" name="Default suite" finished-at="2023-07-21T21:24:20 IST" duration-ms="19610">
    <groups>
    </groups>
    <test started-at="2023-07-21T21:24:00 IST" name="Default test" finished-at="2023-07-21T21:24:20 IST" duration-ms="19610">
      <class name="com.actitime.pom.LoginDriver">
        <test-method signature="validlogin()[pri:0, instance:com.actitime.pom.LoginDriver@1a75e76a]" started-at="2023-07-21T21:24:00 IST" name="validlogin" finished-at="2023-07-21T21:24:20 IST" duration-ms="19503" status="PASS">
          <reporter-output>
          </reporter-output>
        </test-method> <!-- validlogin -->
      </class> <!-- com.actitime.pom.LoginDriver -->
    </test> <!-- Default test -->
  </suite> <!-- Default suite -->
</testng-results>
