<?xml version="1.0" encoding="UTF-8"?>
<!-- Generated by org.testng.reporters.JUnitXMLReporter -->
<testsuite ignored="1" hostname="DESKTOP-11OMJVP" failures="0" tests="1" name="Test" time="16.121" errors="0" timestamp="2023-07-19T12:17:57 IST">
  <testcase classname="com.actitime.TestNG.CustomerModule" name="CreateCustomer" time="0.013"/>
  <testcase classname="com.actitime.TestNG.CustomerModule" name="deleteCustomer" time="0.0">
    <ignored/>
  </testcase> <!-- deleteCustomer -->
</testsuite> <!-- Test -->
